TN:
SF:C:\Users\32842\Desktop\fse_groupchat\app\config.js
FNF:0
FNH:0
DA:4,1
LF:1
LH:1
BRF:0
BRH:0
end_of_record
TN:
SF:C:\Users\32842\Desktop\fse_groupchat\app\model\mongodb.js
FN:12,(anonymous_1)
FN:17,(anonymous_2)
FN:20,(anonymous_3)
FN:25,(anonymous_4)
FN:29,(anonymous_5)
FN:32,(anonymous_6)
FN:35,(anonymous_7)
FN:38,(anonymous_8)
FN:39,(anonymous_9)
FNF:9
FNH:5
FNDA:11,(anonymous_1)
FNDA:11,(anonymous_2)
FNDA:10,(anonymous_3)
FNDA:1,(anonymous_4)
FNDA:1,(anonymous_5)
FNDA:0,(anonymous_6)
FNDA:0,(anonymous_7)
FNDA:0,(anonymous_8)
FNDA:0,(anonymous_9)
DA:7,1
DA:8,1
DA:10,1
DA:12,1
DA:14,11
DA:17,1
DA:20,11
DA:21,10
DA:25,1
DA:27,1
DA:29,1
DA:30,1
DA:32,1
DA:33,0
DA:35,1
DA:36,0
DA:38,1
DA:39,0
DA:40,0
DA:41,0
LF:20
LH:15
BRF:0
BRH:0
end_of_record
TN:
SF:C:\Users\32842\Desktop\fse_groupchat\app\app.js
FN:40,(anonymous_1)
FN:47,(anonymous_2)
FNF:2
FNH:2
FNDA:1,(anonymous_1)
FNDA:1,(anonymous_2)
DA:1,1
DA:2,1
DA:3,1
DA:4,1
DA:5,1
DA:7,1
DA:8,1
DA:9,1
DA:10,1
DA:11,1
DA:12,1
DA:13,1
DA:14,1
DA:15,1
DA:17,1
DA:18,1
DA:20,1
DA:21,1
DA:23,1
DA:24,1
DA:26,1
DA:27,1
DA:28,1
DA:29,1
DA:30,1
DA:31,1
DA:34,1
DA:35,1
DA:36,1
DA:37,1
DA:40,1
DA:41,1
DA:42,1
DA:43,1
DA:47,1
DA:49,1
DA:50,1
DA:53,1
DA:54,1
DA:57,1
LF:40
LH:40
BRDA:50,1,0,1
BRDA:50,1,1,0
BRDA:53,2,0,1
BRDA:53,2,1,0
BRF:4
BRH:2
end_of_record
TN:
SF:C:\Users\32842\Desktop\fse_groupchat\app\model\users.js
FN:11,(anonymous_1)
FN:28,(anonymous_2)
FN:29,(anonymous_3)
FN:35,(anonymous_4)
FN:38,(anonymous_5)
FN:40,(anonymous_6)
FN:45,(anonymous_7)
FN:55,(anonymous_8)
FN:58,(anonymous_9)
FN:63,(anonymous_10)
FN:73,(anonymous_11)
FN:75,(anonymous_12)
FN:77,(anonymous_13)
FN:83,(anonymous_14)
FN:90,(anonymous_15)
FN:97,(anonymous_16)
FN:119,(anonymous_17)
FN:123,(anonymous_18)
FN:129,(anonymous_19)
FN:136,(anonymous_20)
FN:137,(anonymous_21)
FN:143,(anonymous_22)
FN:144,(anonymous_23)
FN:150,(anonymous_24)
FN:154,(anonymous_25)
FN:156,(anonymous_26)
FNF:26
FNH:26
FNDA:1,(anonymous_1)
FNDA:50,(anonymous_2)
FNDA:50,(anonymous_3)
FNDA:4,(anonymous_4)
FNDA:4,(anonymous_5)
FNDA:2,(anonymous_6)
FNDA:2,(anonymous_7)
FNDA:5,(anonymous_8)
FNDA:5,(anonymous_9)
FNDA:3,(anonymous_10)
FNDA:7,(anonymous_11)
FNDA:7,(anonymous_12)
FNDA:4,(anonymous_13)
FNDA:1,(anonymous_14)
FNDA:2,(anonymous_15)
FNDA:2,(anonymous_16)
FNDA:6,(anonymous_17)
FNDA:6,(anonymous_18)
FNDA:2,(anonymous_19)
FNDA:2,(anonymous_20)
FNDA:2,(anonymous_21)
FNDA:8,(anonymous_22)
FNDA:8,(anonymous_23)
FNDA:3,(anonymous_24)
FNDA:3,(anonymous_25)
FNDA:2,(anonymous_26)
DA:7,1
DA:8,1
DA:12,1
DA:13,1
DA:21,1
DA:22,1
DA:23,1
DA:24,1
DA:25,1
DA:29,50
DA:30,50
DA:31,32
DA:36,4
DA:37,4
DA:38,4
DA:39,4
DA:40,2
DA:42,2
DA:45,2
DA:46,2
DA:48,2
DA:49,2
DA:56,5
DA:58,5
DA:59,5
DA:60,5
DA:63,3
DA:64,3
DA:65,3
DA:74,7
DA:75,7
DA:76,7
DA:77,4
DA:78,4
DA:79,2
DA:80,1
DA:83,1
DA:85,1
DA:91,2
DA:92,2
DA:93,2
DA:94,0
DA:97,2
DA:98,2
DA:99,1
DA:106,1
DA:107,1
DA:108,1
DA:112,1
DA:121,6
DA:123,6
DA:124,6
DA:125,4
DA:126,2
DA:129,2
DA:130,2
DA:137,2
DA:138,2
DA:144,8
DA:145,8
DA:146,5
DA:151,3
DA:152,3
DA:153,3
DA:154,3
DA:155,3
DA:156,2
DA:157,2
DA:158,2
DA:159,4
DA:160,4
DA:161,4
DA:162,4
DA:163,2
DA:164,2
DA:165,2
DA:167,4
DA:168,2
DA:171,2
DA:175,1
DA:181,1
LF:81
LH:80
BRDA:30,1,0,18
BRDA:30,1,1,32
BRDA:39,2,0,2
BRDA:39,2,1,2
BRDA:48,3,0,0
BRDA:48,3,1,2
BRDA:60,4,0,2
BRDA:60,4,1,3
BRDA:64,5,0,0
BRDA:64,5,1,3
BRDA:76,6,0,3
BRDA:76,6,1,4
BRDA:78,7,0,2
BRDA:78,7,1,2
BRDA:79,8,0,1
BRDA:79,8,1,1
BRDA:93,9,0,0
BRDA:93,9,1,2
BRDA:93,10,0,2
BRDA:93,10,1,2
BRDA:93,10,2,2
BRDA:98,11,0,1
BRDA:98,11,1,1
BRDA:124,12,0,2
BRDA:124,12,1,4
BRDA:125,13,0,2
BRDA:125,13,1,2
BRDA:145,14,0,3
BRDA:145,14,1,5
BRDA:155,15,0,2
BRDA:155,15,1,1
BRDA:160,16,0,2
BRDA:160,16,1,2
BRDA:163,17,0,2
BRDA:163,17,1,0
BRDA:167,18,0,2
BRDA:167,18,1,2
BRF:37
BRH:33
end_of_record
TN:
SF:C:\Users\32842\Desktop\fse_groupchat\app\model\chatgroup.js
FN:12,(anonymous_1)
FN:23,(anonymous_2)
FN:24,(anonymous_3)
FN:29,(anonymous_4)
FN:31,(anonymous_5)
FN:41,(anonymous_6)
FN:50,(anonymous_7)
FN:52,(anonymous_8)
FN:58,(anonymous_9)
FN:73,(anonymous_10)
FN:80,(anonymous_11)
FN:83,(anonymous_12)
FN:97,(anonymous_13)
FN:99,(anonymous_14)
FN:101,(anonymous_15)
FN:122,(anonymous_16)
FN:133,(anonymous_17)
FN:152,(anonymous_18)
FNF:18
FNH:18
FNDA:1,(anonymous_1)
FNDA:10,(anonymous_2)
FNDA:10,(anonymous_3)
FNDA:1,(anonymous_4)
FNDA:1,(anonymous_5)
FNDA:1,(anonymous_6)
FNDA:2,(anonymous_7)
FNDA:2,(anonymous_8)
FNDA:1,(anonymous_9)
FNDA:1,(anonymous_10)
FNDA:3,(anonymous_11)
FNDA:3,(anonymous_12)
FNDA:2,(anonymous_13)
FNDA:3,(anonymous_14)
FNDA:3,(anonymous_15)
FNDA:2,(anonymous_16)
FNDA:1,(anonymous_17)
FNDA:2,(anonymous_18)
DA:6,1
DA:7,1
DA:8,1
DA:9,1
DA:13,1
DA:14,1
DA:19,1
DA:20,1
DA:24,10
DA:25,10
DA:30,1
DA:31,1
DA:33,1
DA:36,1
DA:38,1
DA:41,1
DA:42,1
DA:43,1
DA:51,2
DA:52,2
DA:54,2
DA:55,2
DA:58,1
DA:59,1
DA:64,1
DA:66,1
DA:68,1
DA:70,1
DA:73,1
DA:74,1
DA:75,1
DA:81,3
DA:83,3
DA:84,3
DA:86,2
DA:91,2
DA:95,2
DA:96,2
DA:98,2
DA:99,2
DA:101,3
DA:103,3
DA:105,1
DA:107,1
DA:110,2
DA:114,1
DA:116,1
DA:125,2
DA:128,1
DA:132,1
DA:133,1
DA:135,1
DA:139,0
DA:144,1
DA:156,2
DA:167,1
LF:56
LH:55
BRDA:42,1,0,0
BRDA:42,1,1,1
BRDA:55,2,0,1
BRDA:55,2,1,1
BRDA:74,3,0,0
BRDA:74,3,1,1
BRDA:84,4,0,1
BRDA:84,4,1,2
BRDA:103,5,0,1
BRDA:103,5,1,2
BRDA:110,6,0,1
BRDA:110,6,1,1
BRDA:110,7,0,2
BRDA:110,7,1,1
BRDA:125,8,0,1
BRDA:125,8,1,1
BRDA:135,9,0,0
BRDA:135,9,1,1
BRF:18
BRH:15
end_of_record
TN:
SF:C:\Users\32842\Desktop\fse_groupchat\app\model\groupchat_messages.js
FN:10,(anonymous_1)
FN:24,(anonymous_2)
FN:28,(anonymous_3)
FN:41,(anonymous_4)
FN:43,(anonymous_5)
FN:75,(anonymous_6)
FN:79,(anonymous_7)
FN:85,(anonymous_8)
FNF:8
FNH:8
FNDA:1,(anonymous_1)
FNDA:6,(anonymous_2)
FNDA:6,(anonymous_3)
FNDA:2,(anonymous_4)
FNDA:2,(anonymous_5)
FNDA:2,(anonymous_6)
FNDA:2,(anonymous_7)
FNDA:1,(anonymous_8)
DA:6,1
DA:7,1
DA:8,1
DA:11,1
DA:12,1
DA:20,1
DA:21,1
DA:26,6
DA:27,6
DA:28,6
DA:29,6
DA:31,6
DA:32,3
DA:33,3
DA:37,6
DA:38,3
DA:42,2
DA:43,2
DA:44,2
DA:45,1
DA:46,1
DA:47,1
DA:48,0
DA:57,1
DA:65,1
DA:66,1
DA:67,1
DA:69,1
DA:76,2
DA:77,2
DA:79,2
DA:80,2
DA:82,1
DA:85,1
DA:86,1
DA:95,1
LF:36
LH:35
BRDA:31,1,0,3
BRDA:31,1,1,3
BRDA:37,2,0,3
BRDA:37,2,1,3
BRDA:44,3,0,1
BRDA:44,3,1,1
BRDA:47,4,0,0
BRDA:47,4,1,1
BRDA:80,5,0,1
BRDA:80,5,1,1
BRF:10
BRH:9
end_of_record
TN:
SF:C:\Users\32842\Desktop\fse_groupchat\app\model\messages.js
FN:11,(anonymous_1)
FN:24,(anonymous_2)
FN:26,(anonymous_3)
FN:46,(anonymous_4)
FN:47,(anonymous_5)
FN:52,(anonymous_6)
FN:53,(anonymous_7)
FNF:7
FNH:7
FNDA:1,(anonymous_1)
FNDA:7,(anonymous_2)
FNDA:7,(anonymous_3)
FNDA:3,(anonymous_4)
FNDA:3,(anonymous_5)
FNDA:4,(anonymous_6)
FNDA:4,(anonymous_7)
DA:7,1
DA:8,1
DA:9,1
DA:12,1
DA:13,1
DA:20,1
DA:21,1
DA:25,7
DA:26,7
DA:27,7
DA:28,5
DA:29,5
DA:35,5
DA:36,5
DA:37,5
DA:40,2
DA:47,3
DA:48,3
DA:53,4
DA:54,4
DA:55,2
DA:60,1
LF:22
LH:22
BRDA:27,1,0,5
BRDA:27,1,1,2
BRDA:54,2,0,2
BRDA:54,2,1,2
BRF:4
BRH:4
end_of_record
TN:
SF:C:\Users\32842\Desktop\fse_groupchat\app\model\announcements.js
FN:9,(anonymous_1)
FN:22,(anonymous_2)
FN:34,(anonymous_3)
FN:35,(anonymous_4)
FN:40,(anonymous_5)
FN:41,(anonymous_6)
FNF:6
FNH:6
FNDA:1,(anonymous_1)
FNDA:4,(anonymous_2)
FNDA:3,(anonymous_3)
FNDA:3,(anonymous_4)
FNDA:2,(anonymous_5)
FNDA:2,(anonymous_6)
DA:5,1
DA:6,1
DA:7,1
DA:10,1
DA:11,1
DA:18,1
DA:19,1
DA:23,4
DA:24,4
DA:25,4
DA:29,4
DA:30,4
DA:31,4
DA:35,3
DA:36,3
DA:41,2
DA:42,2
DA:43,1
DA:48,1
LF:19
LH:19
BRDA:42,1,0,1
BRDA:42,1,1,1
BRF:2
BRH:2
end_of_record
TN:
SF:C:\Users\32842\Desktop\fse_groupchat\app\model\private_messages.js
FN:10,(anonymous_1)
FN:24,(anonymous_2)
FN:26,(anonymous_3)
FN:28,(anonymous_4)
FN:66,(anonymous_5)
FN:70,(anonymous_6)
FN:72,(anonymous_7)
FN:75,(anonymous_8)
FNF:8
FNH:8
FNDA:1,(anonymous_1)
FNDA:5,(anonymous_2)
FNDA:5,(anonymous_3)
FNDA:4,(anonymous_4)
FNDA:6,(anonymous_5)
FNDA:6,(anonymous_6)
FNDA:4,(anonymous_7)
FNDA:2,(anonymous_8)
DA:6,1
DA:7,1
DA:8,1
DA:11,1
DA:12,1
DA:20,1
DA:21,1
DA:25,5
DA:26,5
DA:27,5
DA:28,4
DA:29,4
DA:31,3
DA:32,3
DA:33,3
DA:35,2
DA:44,1
DA:51,3
DA:52,3
DA:53,3
DA:55,1
DA:60,1
DA:67,6
DA:68,6
DA:69,6
DA:70,6
DA:71,6
DA:72,4
DA:73,4
DA:75,2
DA:76,2
DA:79,2
DA:84,2
DA:93,1
LF:34
LH:34
BRDA:27,1,0,4
BRDA:27,1,1,1
BRDA:29,2,0,3
BRDA:29,2,1,1
BRDA:33,3,0,2
BRDA:33,3,1,1
BRDA:71,4,0,4
BRDA:71,4,1,2
BRDA:73,5,0,2
BRDA:73,5,1,2
BRF:10
BRH:10
end_of_record
